This file contains any messages produced by compilers while
running configure, to aid debugging if configure makes a mistake.

It was created by mod_authnz_ds configure 1.0, which was
generated by GNU Autoconf 2.61.  Invocation command line was

  $ ./configure 

## --------- ##
## Platform. ##
## --------- ##

hostname = nathan.us.maf.org
uname -m = i386
uname -r = 8.10.1
uname -s = Darwin
uname -v = Darwin Kernel Version 8.10.1: Wed May 23 16:33:00 PDT 2007; root:xnu-792.22.5~1/RELEASE_I386

/usr/bin/uname -p = i386
/bin/uname -X     = unknown

/bin/arch              = unknown
/usr/bin/arch -k       = unknown
/usr/convex/getsysinfo = unknown
/usr/bin/hostinfo      = Mach kernel version:
	 Darwin Kernel Version 8.10.1: Wed May 23 16:33:00 PDT 2007; root:xnu-792.22.5~1/RELEASE_I386
Kernel configured for up to 2 processors.
2 processors are physically available.
2 processors are logically available.
Processor type: i486 (Intel 80486)
Processors active: 0 1
Primary memory available: 2.00 gigabytes
Default processor set: 103 tasks, 390 threads, 2 processors
Load average: 1.20, Mach factor: 1.08
/bin/machine           = unknown
/usr/bin/oslevel       = unknown
/bin/universe          = unknown

PATH: /Users/nathan/Developer/SDKs/Apollo/bin
PATH: /Users/nathan/Developer/SDKs/Flex/bin
PATH: /usr/local/mysql/bin
PATH: /opt/local/apache2/bin
PATH: /usr/local/bin
PATH: /usr/local/sbin
PATH: /opt/local/bin
PATH: /opt/local/sbin
PATH: /usr/bin
PATH: /bin
PATH: /usr/sbin
PATH: /sbin


## ----------- ##
## Core tests. ##
## ----------- ##

configure:1744: checking for gcc
configure:1760: found /usr/bin/gcc
configure:1771: result: gcc
configure:2009: checking for C compiler version
configure:2016: gcc --version >&5
i686-apple-darwin8-gcc-4.0.1 (GCC) 4.0.1 (Apple Computer, Inc. build 5367)
Copyright (C) 2005 Free Software Foundation, Inc.
This is free software; see the source for copying conditions.  There is NO
warranty; not even for MERCHANTABILITY or FITNESS FOR A PARTICULAR PURPOSE.

configure:2019: $? = 0
configure:2026: gcc -v >&5
Using built-in specs.
Target: i686-apple-darwin8
Configured with: /private/var/tmp/gcc/gcc-5367.obj~1/src/configure --disable-checking -enable-werror --prefix=/usr --mandir=/share/man --enable-languages=c,objc,c++,obj-c++ --program-transform-name=/^[cg][^.-]*$/s/$/-4.0/ --with-gxx-include-dir=/include/c++/4.0.0 --with-slibdir=/usr/lib --build=powerpc-apple-darwin8 --with-arch=nocona --with-tune=generic --program-prefix= --host=i686-apple-darwin8 --target=i686-apple-darwin8
Thread model: posix
gcc version 4.0.1 (Apple Computer, Inc. build 5367)
configure:2029: $? = 0
configure:2036: gcc -V >&5
gcc: argument to `-V' is missing
configure:2039: $? = 1
configure:2062: checking for C compiler default output file name
configure:2089: gcc    conftest.c  >&5
configure:2092: $? = 0
configure:2130: result: a.out
configure:2147: checking whether the C compiler works
configure:2157: ./a.out
configure:2160: $? = 0
configure:2177: result: yes
configure:2184: checking whether we are cross compiling
configure:2186: result: no
configure:2189: checking for suffix of executables
configure:2196: gcc -o conftest    conftest.c  >&5
configure:2199: $? = 0
configure:2223: result: 
configure:2229: checking for suffix of object files
configure:2255: gcc -c   conftest.c >&5
configure:2258: $? = 0
configure:2281: result: o
configure:2285: checking whether we are using the GNU C compiler
configure:2314: gcc -c   conftest.c >&5
configure:2320: $? = 0
configure:2337: result: yes
configure:2342: checking whether gcc accepts -g
configure:2372: gcc -c -g  conftest.c >&5
configure:2378: $? = 0
configure:2477: result: yes
configure:2494: checking for gcc option to accept ISO C89
configure:2568: gcc  -c -g -O2  conftest.c >&5
configure:2574: $? = 0
configure:2597: result: none needed
configure:2615: checking whether make sets $(MAKE)
configure:2636: result: yes
configure:2649: checking for main in -lresolv
configure:2678: gcc -o conftest -g -O2   conftest.c -lresolv   >&5
configure:2684: $? = 0
configure:2702: result: yes
configure:2716: checking how to run the C preprocessor
configure:2756: gcc -E  conftest.c
configure:2762: $? = 0
configure:2793: gcc -E  conftest.c
conftest.c:8:28: error: ac_nonexistent.h: No such file or directory
configure:2799: $? = 1
configure: failed program was:
| /* confdefs.h.  */
| #define PACKAGE_NAME "mod_authnz_ds"
| #define PACKAGE_TARNAME "mod_authnz_ds"
| #define PACKAGE_VERSION "1.0"
| #define PACKAGE_STRING "mod_authnz_ds 1.0"
| #define PACKAGE_BUGREPORT "nmellis@maf.org"
| /* end confdefs.h.  */
| #include <ac_nonexistent.h>
configure:2832: result: gcc -E
configure:2861: gcc -E  conftest.c
configure:2867: $? = 0
configure:2898: gcc -E  conftest.c
conftest.c:8:28: error: ac_nonexistent.h: No such file or directory
configure:2904: $? = 1
configure: failed program was:
| /* confdefs.h.  */
| #define PACKAGE_NAME "mod_authnz_ds"
| #define PACKAGE_TARNAME "mod_authnz_ds"
| #define PACKAGE_VERSION "1.0"
| #define PACKAGE_STRING "mod_authnz_ds 1.0"
| #define PACKAGE_BUGREPORT "nmellis@maf.org"
| /* end confdefs.h.  */
| #include <ac_nonexistent.h>
configure:2942: checking for grep that handles long lines and -e
configure:3016: result: /usr/bin/grep
configure:3021: checking for egrep
configure:3099: result: /usr/bin/grep -E
configure:3104: checking for ANSI C header files
configure:3134: gcc -c -g -O2  conftest.c >&5
configure:3140: $? = 0
configure:3236: gcc -o conftest -g -O2   conftest.c  >&5
configure:3239: $? = 0
configure:3245: ./conftest
configure:3248: $? = 0
configure:3265: result: yes
configure:3289: checking for sys/types.h
configure:3310: gcc -c -g -O2  conftest.c >&5
configure:3316: $? = 0
configure:3332: result: yes
configure:3289: checking for sys/stat.h
configure:3310: gcc -c -g -O2  conftest.c >&5
configure:3316: $? = 0
configure:3332: result: yes
configure:3289: checking for stdlib.h
configure:3310: gcc -c -g -O2  conftest.c >&5
configure:3316: $? = 0
configure:3332: result: yes
configure:3289: checking for string.h
configure:3310: gcc -c -g -O2  conftest.c >&5
configure:3316: $? = 0
configure:3332: result: yes
configure:3289: checking for memory.h
configure:3310: gcc -c -g -O2  conftest.c >&5
configure:3316: $? = 0
configure:3332: result: yes
configure:3289: checking for strings.h
configure:3310: gcc -c -g -O2  conftest.c >&5
configure:3316: $? = 0
configure:3332: result: yes
configure:3289: checking for inttypes.h
configure:3310: gcc -c -g -O2  conftest.c >&5
configure:3316: $? = 0
configure:3332: result: yes
configure:3289: checking for stdint.h
configure:3310: gcc -c -g -O2  conftest.c >&5
configure:3316: $? = 0
configure:3332: result: yes
configure:3289: checking for unistd.h
configure:3310: gcc -c -g -O2  conftest.c >&5
configure:3316: $? = 0
configure:3332: result: yes
configure:3351: checking for string.h
configure:3357: result: yes
configure:3351: checking for stdlib.h
configure:3357: result: yes
configure:3351: checking for unistd.h
configure:3357: result: yes
configure:3493: checking for size_t
configure:3523: gcc -c -g -O2  conftest.c >&5
configure:3529: $? = 0
configure:3544: result: yes
configure:3556: checking whether struct tm is in sys/time.h or time.h
configure:3586: gcc -c -g -O2  conftest.c >&5
configure:3592: $? = 0
configure:3607: result: time.h
configure:3630: checking for apxs
configure:3649: found /opt/local/apache2/bin/apxs
configure:3661: result: /opt/local/apache2/bin/apxs
configure:3853: creating ./config.status

## ---------------------- ##
## Running config.status. ##
## ---------------------- ##

This file was extended by mod_authnz_ds config.status 1.0, which was
generated by GNU Autoconf 2.61.  Invocation command line was

  CONFIG_FILES    = 
  CONFIG_HEADERS  = 
  CONFIG_LINKS    = 
  CONFIG_COMMANDS = 
  $ ./config.status 

on nathan.us.maf.org

config.status:577: creating Makefile

## ---------------- ##
## Cache variables. ##
## ---------------- ##

ac_cv_c_compiler_gnu=yes
ac_cv_env_CC_set=
ac_cv_env_CC_value=
ac_cv_env_CFLAGS_set=
ac_cv_env_CFLAGS_value=
ac_cv_env_CPPFLAGS_set=
ac_cv_env_CPPFLAGS_value=
ac_cv_env_CPP_set=
ac_cv_env_CPP_value=
ac_cv_env_LDFLAGS_set=
ac_cv_env_LDFLAGS_value=
ac_cv_env_LIBS_set=
ac_cv_env_LIBS_value=
ac_cv_env_build_alias_set=
ac_cv_env_build_alias_value=
ac_cv_env_host_alias_set=
ac_cv_env_host_alias_value=
ac_cv_env_target_alias_set=
ac_cv_env_target_alias_value=
ac_cv_header_inttypes_h=yes
ac_cv_header_memory_h=yes
ac_cv_header_stdc=yes
ac_cv_header_stdint_h=yes
ac_cv_header_stdlib_h=yes
ac_cv_header_string_h=yes
ac_cv_header_strings_h=yes
ac_cv_header_sys_stat_h=yes
ac_cv_header_sys_types_h=yes
ac_cv_header_unistd_h=yes
ac_cv_lib_resolv_main=yes
ac_cv_objext=o
ac_cv_path_APXS=/opt/local/apache2/bin/apxs
ac_cv_path_EGREP='/usr/bin/grep -E'
ac_cv_path_GREP=/usr/bin/grep
ac_cv_prog_CPP='gcc -E'
ac_cv_prog_ac_ct_CC=gcc
ac_cv_prog_cc_c89=
ac_cv_prog_cc_g=yes
ac_cv_prog_make_make_set=yes
ac_cv_struct_tm=time.h
ac_cv_type_size_t=yes

## ----------------- ##
## Output variables. ##
## ----------------- ##

APXS='/opt/local/apache2/bin/apxs'
CC='gcc'
CFLAGS='-g -O2'
CPP='gcc -E'
CPPFLAGS=''
DEFS='-DPACKAGE_NAME=\"mod_authnz_ds\" -DPACKAGE_TARNAME=\"mod_authnz_ds\" -DPACKAGE_VERSION=\"1.0\" -DPACKAGE_STRING=\"mod_authnz_ds\ 1.0\" -DPACKAGE_BUGREPORT=\"nmellis@maf.org\" -DSTDC_HEADERS=1 -DHAVE_SYS_TYPES_H=1 -DHAVE_SYS_STAT_H=1 -DHAVE_STDLIB_H=1 -DHAVE_STRING_H=1 -DHAVE_MEMORY_H=1 -DHAVE_STRINGS_H=1 -DHAVE_INTTYPES_H=1 -DHAVE_STDINT_H=1 -DHAVE_UNISTD_H=1 -DHAVE_STRING_H=1 -DHAVE_STDLIB_H=1 -DHAVE_UNISTD_H=1'
ECHO_C=''
ECHO_N='-n'
ECHO_T=''
EGREP='/usr/bin/grep -E'
EXEEXT=''
GREP='/usr/bin/grep'
LDFLAGS=''
LIBOBJS=''
LIBS=''
LIB_resolv='-lresolv'
LTLIBOBJS=''
OBJEXT='o'
PACKAGE_BUGREPORT='nmellis@maf.org'
PACKAGE_NAME='mod_authnz_ds'
PACKAGE_STRING='mod_authnz_ds 1.0'
PACKAGE_TARNAME='mod_authnz_ds'
PACKAGE_VERSION='1.0'
PATH_SEPARATOR=':'
SET_MAKE=''
SHELL='/bin/sh'
ac_ct_CC='gcc'
bindir='${exec_prefix}/bin'
build_alias=''
datadir='${datarootdir}'
datarootdir='${prefix}/share'
docdir='${datarootdir}/doc/${PACKAGE_TARNAME}'
dvidir='${docdir}'
exec_prefix='${prefix}'
host_alias=''
htmldir='${docdir}'
includedir='${prefix}/include'
infodir='${datarootdir}/info'
libdir='${exec_prefix}/lib'
libexecdir='${exec_prefix}/libexec'
localedir='${datarootdir}/locale'
localstatedir='${prefix}/var'
mandir='${datarootdir}/man'
oldincludedir='/usr/include'
pdfdir='${docdir}'
prefix='/usr/local'
program_transform_name='s,x,x,'
psdir='${docdir}'
sbindir='${exec_prefix}/sbin'
sharedstatedir='${prefix}/com'
sysconfdir='${prefix}/etc'
target_alias=''

## ----------- ##
## confdefs.h. ##
## ----------- ##

#define PACKAGE_NAME "mod_authnz_ds"
#define PACKAGE_TARNAME "mod_authnz_ds"
#define PACKAGE_VERSION "1.0"
#define PACKAGE_STRING "mod_authnz_ds 1.0"
#define PACKAGE_BUGREPORT "nmellis@maf.org"
#define STDC_HEADERS 1
#define HAVE_SYS_TYPES_H 1
#define HAVE_SYS_STAT_H 1
#define HAVE_STDLIB_H 1
#define HAVE_STRING_H 1
#define HAVE_MEMORY_H 1
#define HAVE_STRINGS_H 1
#define HAVE_INTTYPES_H 1
#define HAVE_STDINT_H 1
#define HAVE_UNISTD_H 1
#define HAVE_STRING_H 1
#define HAVE_STDLIB_H 1
#define HAVE_UNISTD_H 1

configure: exit 0
